<?xml version="1.0" encoding="UTF-8"?>
<testng-results ignored="0" total="1" passed="1" failed="0" skipped="0">
  <reporter-output>
  </reporter-output>
  <suite started-at="2026-01-04T16:50:24 IST" name="Suite" finished-at="2026-01-04T16:50:37 IST" duration-ms="12874">
    <groups>
      <group name="Master">
        <method signature="TC_001_Registration.verify_reg()[pri:0, instance:Testcases.TC_001_Registration@3857f613]" name="verify_reg" class="Testcases.TC_001_Registration"/>
      </group> <!-- Master -->
      <group name="Reggression">
        <method signature="TC_001_Registration.verify_reg()[pri:0, instance:Testcases.TC_001_Registration@3857f613]" name="verify_reg" class="Testcases.TC_001_Registration"/>
      </group> <!-- Reggression -->
    </groups>
    <test started-at="2026-01-04T16:50:24 IST" name="Test" finished-at="2026-01-04T16:50:37 IST" duration-ms="12874">
      <class name="Testcases.TC_001_Registration">
        <test-method is-config="true" signature="setup(java.lang.String,java.lang.String)[pri:0, instance:Testcases.TC_001_Registration@3857f613]" started-at="2026-01-04T16:50:24 IST" name="setup" finished-at="2026-01-04T16:50:32 IST" duration-ms="7239" status="PASS">
          <params>
            <param index="0">
              <value>
                <![CDATA[chrome]]>
              </value>
            </param>
            <param index="1">
              <value>
                <![CDATA[windows]]>
              </value>
            </param>
          </params>
          <reporter-output>
          </reporter-output>
        </test-method> <!-- setup -->
        <test-method signature="verify_reg()[pri:0, instance:Testcases.TC_001_Registration@3857f613]" started-at="2026-01-04T16:50:32 IST" name="verify_reg" finished-at="2026-01-04T16:50:36 IST" duration-ms="4798" status="PASS">
          <reporter-output>
          </reporter-output>
        </test-method> <!-- verify_reg -->
        <test-method is-config="true" signature="teardown()[pri:0, instance:Testcases.TC_001_Registration@3857f613]" started-at="2026-01-04T16:50:36 IST" name="teardown" finished-at="2026-01-04T16:50:37 IST" duration-ms="721" status="PASS">
          <reporter-output>
          </reporter-output>
        </test-method> <!-- teardown -->
      </class> <!-- Testcases.TC_001_Registration -->
    </test> <!-- Test -->
  </suite> <!-- Suite -->
</testng-results>
