<?xml version="1.0" encoding="UTF-8"?>
<testng-results ignored="0" total="1" passed="1" failed="0" skipped="0">
  <reporter-output>
  </reporter-output>
  <suite started-at="2026-01-12T16:20:09 IST" name="Suite" finished-at="2026-01-12T16:21:09 IST" duration-ms="59748">
    <groups>
      <group name="Master">
        <method signature="TC_006_End_To_End.EndToEnd()[pri:0, instance:Testcases.TC_006_End_To_End@367ffa75]" name="EndToEnd" class="Testcases.TC_006_End_To_End"/>
      </group> <!-- Master -->
    </groups>
    <test started-at="2026-01-12T16:20:09 IST" name="Test" finished-at="2026-01-12T16:21:09 IST" duration-ms="59748">
      <class name="Testcases.TC_006_End_To_End">
        <test-method is-config="true" signature="setup(java.lang.String,java.lang.String)[pri:0, instance:Testcases.TC_006_End_To_End@367ffa75]" started-at="2026-01-12T16:20:09 IST" name="setup" finished-at="2026-01-12T16:20:16 IST" duration-ms="6047" status="PASS">
          <params>
            <param index="0">
              <value>
                <![CDATA[chrome]]>
              </value>
            </param>
            <param index="1">
              <value>
                <![CDATA[windows]]>
              </value>
            </param>
          </params>
          <reporter-output>
          </reporter-output>
        </test-method> <!-- setup -->
        <test-method signature="EndToEnd()[pri:0, instance:Testcases.TC_006_End_To_End@367ffa75]" started-at="2026-01-12T16:20:16 IST" name="EndToEnd" finished-at="2026-01-12T16:21:09 IST" duration-ms="53607" status="PASS">
          <reporter-output>
          </reporter-output>
        </test-method> <!-- EndToEnd -->
      </class> <!-- Testcases.TC_006_End_To_End -->
    </test> <!-- Test -->
  </suite> <!-- Suite -->
</testng-results>
